22:35:41: Creating resource group General
22:35:41: Creating resource group Internal
22:35:41: Creating resource group Autodetect
22:35:41: SceneManagerFactory for type 'DefaultSceneManager' registered.
22:35:41: Registering ResourceManager for type Material
22:35:41: Registering ResourceManager for type Mesh
22:35:41: Registering ResourceManager for type Skeleton
22:35:41: MovableObjectFactory for type 'ParticleSystem' registered.
22:35:41: ArchiveFactory for archive type FileSystem registered.
22:35:41: ArchiveFactory for archive type Zip registered.
22:35:41: ArchiveFactory for archive type EmbeddedZip registered.
22:35:41: DDS codec registering
22:35:41: FreeImage version: 3.17.0
22:35:41: This program uses FreeImage, a free, open source image library supporting all common bitmap formats. See http://freeimage.sourceforge.net for details
22:35:41: Supported formats: bmp,ico,jpg,jif,jpeg,jpe,jng,koa,iff,lbm,mng,pbm,pbm,pcd,pcx,pgm,pgm,png,ppm,ppm,ras,tga,targa,tif,tiff,wap,wbmp,wbm,psd,cut,xbm,xpm,gif,hdr,g3,sgi,rgb,rgba,bw,exr,j2k,j2c,jp2,pfm,pct,pict,pic,3fr,arw,bay,bmq,cap,cine,cr2,crw,cs1,dc2,dcr,drf,dsc,dng,erf,fff,ia,iiq,k25,kc2,kdc,mdc,mef,mos,mrw,nef,nrw,orf,pef,ptx,pxn,qtk,raf,raw,rdc,rw2,rwl,rwz,sr2,srf,srw,sti,x3f,webp,jxr,wdp,hdp
22:35:41: Registering ResourceManager for type HighLevelGpuProgram
22:35:41: Registering ResourceManager for type Compositor
22:35:41: MovableObjectFactory for type 'Entity' registered.
22:35:41: MovableObjectFactory for type 'Light' registered.
22:35:41: MovableObjectFactory for type 'BillboardSet' registered.
22:35:41: MovableObjectFactory for type 'ManualObject' registered.
22:35:41: MovableObjectFactory for type 'BillboardChain' registered.
22:35:41: MovableObjectFactory for type 'RibbonTrail' registered.
22:35:41: OGRE EXCEPTION(6:FileNotFoundException): 'plugins.cfg' file not found! in ConfigFile::load at /home/kylebrain/Documents/OgreInstall/ogre/OgreMain/src/OgreConfigFile.cpp (line 82)
22:35:41: plugins.cfg not found, automatic plugin loading disabled.
22:35:41: *-*-* OGRE Initialising
22:35:41: *-*-* Version 1.9.0 (Ghadamon)
22:35:41: OGRE EXCEPTION(6:FileNotFoundException): 'resources.cfg' file not found! in ConfigFile::load at /home/kylebrain/Documents/OgreInstall/ogre/OgreMain/src/OgreConfigFile.cpp (line 82)
22:35:41: *-*-* OGRE Shutdown
22:35:41: Unregistering ResourceManager for type Compositor
22:35:41: Unregistering ResourceManager for type Skeleton
22:35:41: Unregistering ResourceManager for type Mesh
22:35:41: Unregistering ResourceManager for type HighLevelGpuProgram
22:35:41: Unregistering ResourceManager for type Material
